15:14:45 **** Build of configuration Debug for project String ****
make all 
Building file: /media/Dropbox/Dropbox/Peti/BME/5_felev/C++11/NHF1/string.cpp
Invoking: Cross G++ Compiler
clang++ -O0 -g3 -pedantic -Wall -Wextra -c -fmessage-length=0 -std=c++11 -MMD -MP -MF"string.d" -MT"string.d" -o "string.o" "/media/Dropbox/Dropbox/Peti/BME/5_felev/C++11/NHF1/string.cpp"
Finished building: /media/Dropbox/Dropbox/Peti/BME/5_felev/C++11/NHF1/string.cpp
 
Building file: /media/Dropbox/Dropbox/Peti/BME/5_felev/C++11/NHF1/test.cpp
Invoking: Cross G++ Compiler
clang++ -O0 -g3 -pedantic -Wall -Wextra -c -fmessage-length=0 -std=c++11 -MMD -MP -MF"test.d" -MT"test.d" -o "test.o" "/media/Dropbox/Dropbox/Peti/BME/5_felev/C++11/NHF1/test.cpp"
/media/Dropbox/Dropbox/Peti/BME/5_felev/C++11/NHF1/test.cpp:5:15: warning: unused parameter 'argc' [-Wunused-parameter]
int main( int argc, char *argv[] )
              ^
/media/Dropbox/Dropbox/Peti/BME/5_felev/C++11/NHF1/test.cpp:5:27: warning: unused parameter 'argv' [-Wunused-parameter]
int main( int argc, char *argv[] )
                          ^
2 warnings generated.
Finished building: /media/Dropbox/Dropbox/Peti/BME/5_felev/C++11/NHF1/test.cpp
 
Building target: String
Invoking: Cross G++ Linker
g++  -o "String"  ./string.o ./test.o   
Finished building target: String
 
15:15:01 **** Incremental Build of configuration Debug for project String ****
make all 
make: Nothing to be done for `all'.
15:15:22 **** Incremental Build of configuration Debug for project String ****
make all 
make: Nothing to be done for `all'.
15:16:58 **** Incremental Build of configuration Debug for project String ****
make all 
make: Nothing to be done for `all'.
15:18:37 **** Incremental Build of configuration Debug for project String ****
make all 
make: Nothing to be done for `all'.
15:20:42 **** Incremental Build of configuration Debug for project String ****
make all 
make: Nothing to be done for `all'.
15:21:26 **** Incremental Build of configuration Debug for project String ****
make all 
Building file: /media/Dropbox/Dropbox/Peti/BME/5_felev/C++11/NHF1/string.cpp
Invoking: Cross G++ Compiler
clang++ -O0 -g3 -pedantic -Wall -Wextra -c -fmessage-length=0 -std=c++11 -MMD -MP -MF"string.d" -MT"string.d" -o "string.o" "/media/Dropbox/Dropbox/Peti/BME/5_felev/C++11/NHF1/string.cpp"
Finished building: /media/Dropbox/Dropbox/Peti/BME/5_felev/C++11/NHF1/string.cpp
 
Building file: /media/Dropbox/Dropbox/Peti/BME/5_felev/C++11/NHF1/test.cpp
Invoking: Cross G++ Compiler
clang++ -O0 -g3 -pedantic -Wall -Wextra -c -fmessage-length=0 -std=c++11 -MMD -MP -MF"test.d" -MT"test.d" -o "test.o" "/media/Dropbox/Dropbox/Peti/BME/5_felev/C++11/NHF1/test.cpp"
/media/Dropbox/Dropbox/Peti/BME/5_felev/C++11/NHF1/test.cpp:5:15: warning: unused parameter 'argc' [-Wunused-parameter]
int main( int argc, char *argv[] )
              ^
/media/Dropbox/Dropbox/Peti/BME/5_felev/C++11/NHF1/test.cpp:5:27: warning: unused parameter 'argv' [-Wunused-parameter]
int main( int argc, char *argv[] )
                          ^
2 warnings generated.
Finished building: /media/Dropbox/Dropbox/Peti/BME/5_felev/C++11/NHF1/test.cpp
 
Building target: String
Invoking: Cross G++ Linker
g++  -o "String"  ./string.o ./test.o   
Finished building target: String
 
19:40:57 **** Incremental Build of configuration Debug for project String ****
make all 
Building file: /media/Dropbox/Dropbox/Peti/BME/5_felev/C++11/NHF1/string.cpp
Invoking: Cross G++ Compiler
clang++ -O0 -g3 -pedantic -Wall -Wextra -c -fmessage-length=0 -std=c++11 -MMD -MP -MF"string.d" -MT"string.d" -o "string.o" "/media/Dropbox/Dropbox/Peti/BME/5_felev/C++11/NHF1/string.cpp"
Finished building: /media/Dropbox/Dropbox/Peti/BME/5_felev/C++11/NHF1/string.cpp
 
Building file: /media/Dropbox/Dropbox/Peti/BME/5_felev/C++11/NHF1/test.cpp
Invoking: Cross G++ Compiler
clang++ -O0 -g3 -pedantic -Wall -Wextra -c -fmessage-length=0 -std=c++11 -MMD -MP -MF"test.d" -MT"test.d" -o "test.o" "/media/Dropbox/Dropbox/Peti/BME/5_felev/C++11/NHF1/test.cpp"
/media/Dropbox/Dropbox/Peti/BME/5_felev/C++11/NHF1/test.cpp:5:15: warning: unused parameter 'argc' [-Wunused-parameter]
int main( int argc, char *argv[] )
              ^
/media/Dropbox/Dropbox/Peti/BME/5_felev/C++11/NHF1/test.cpp:5:27: warning: unused parameter 'argv' [-Wunused-parameter]
int main( int argc, char *argv[] )
                          ^
2 warnings generated.
Finished building: /media/Dropbox/Dropbox/Peti/BME/5_felev/C++11/NHF1/test.cpp
 
Building target: String
Invoking: Cross G++ Linker
g++  -o "String"  ./string.o ./test.o   
Finished building target: String
 
